<?xml version="1.0" encoding="UTF-8"?>
<!-- Generated by org.testng.reporters.JUnitXMLReporter -->
<testsuite ignored="0" hostname="LAPTOP-GAUPM6CM" failures="0" tests="4" name="Test" time="46.041" errors="0" timestamp="2023-07-26T11:57:52 IST">
  <testcase classname="testscripts.regression.ValidateLoginUsingDataProvider" name="validateLoginTest1" time="4.015"/>
  <testcase classname="testscripts.regression.ValidateLoginUsingDataProvider" name="validateLoginTest1" time="3.636"/>
  <testcase classname="testscripts.regression.ValidateLoginUsingDataProvider" name="validateLoginTest1" time="3.656"/>
  <testcase classname="testscripts.regression.ValidateLoginUsingDataProvider" name="validateLoginTest1" time="3.717"/>
</testsuite> <!-- Test -->
