<?xml version="1.0" encoding="UTF-8"?>
<testng-results ignored="0" total="1" passed="1" failed="0" skipped="0">
  <reporter-output>
  </reporter-output>
  <suite started-at="2023-07-28T12:08:01 IST" name="Default suite" finished-at="2023-07-28T12:08:11 IST" duration-ms="10459">
    <groups>
    </groups>
    <test started-at="2023-07-28T12:08:01 IST" name="Default test" finished-at="2023-07-28T12:08:11 IST" duration-ms="10459">
      <class name="testscripts.smoke.ValidateRegistrationDataProvider">
        <test-method is-config="true" signature="fileSetUp()[pri:0, instance:testscripts.smoke.ValidateRegistrationDataProvider@18df8434]" started-at="2023-07-28T12:08:01 IST" name="fileSetUp" finished-at="2023-07-28T12:08:01 IST" duration-ms="6" status="PASS">
          <reporter-output>
          </reporter-output>
        </test-method> <!-- fileSetUp -->
        <test-method is-config="true" signature="setUp()[pri:0, instance:testscripts.smoke.ValidateRegistrationDataProvider@18df8434]" started-at="2023-07-28T12:08:02 IST" name="setUp" finished-at="2023-07-28T12:08:06 IST" duration-ms="4505" status="PASS">
          <reporter-output>
          </reporter-output>
        </test-method> <!-- setUp -->
        <test-method signature="validateRegistrationTest(java.util.HashMap)[pri:0, instance:testscripts.smoke.ValidateRegistrationDataProvider@18df8434]" started-at="2023-07-28T12:08:06 IST" name="validateRegistrationTest" data-provider="getData" finished-at="2023-07-28T12:08:08 IST" duration-ms="1403" status="PASS">
          <params>
            <param index="0">
              <value>
                <![CDATA[{Ravi123=Ravi123, Captcha Text=marbly, ravi12@gmail.com=ravi12@gmail.com, Confirm Password=Ravi123, Adactin.com - New User Registration=Adactin.com - New User Registration, Full Name=Ravi Kumar, Expected Title=Adactin.com - New User Registration, Username=Ravi1805, Ravi Kumar=Ravi Kumar, Ravi1805=Ravi1805, marbly=marbly, Password=Ravi123, Email Address=ravi12@gmail.com}]]>
              </value>
            </param>
          </params>
          <reporter-output>
          </reporter-output>
        </test-method> <!-- validateRegistrationTest -->
        <test-method is-config="true" signature="teardown()[pri:0, instance:testscripts.smoke.ValidateRegistrationDataProvider@18df8434]" started-at="2023-07-28T12:08:08 IST" name="teardown" finished-at="2023-07-28T12:08:11 IST" duration-ms="3326" status="PASS">
          <reporter-output>
          </reporter-output>
        </test-method> <!-- teardown -->
      </class> <!-- testscripts.smoke.ValidateRegistrationDataProvider -->
    </test> <!-- Default test -->
  </suite> <!-- Default suite -->
</testng-results>
